
Table dropped.


Table dropped.


Table dropped.


Table dropped.


Table dropped.


Table dropped.


Table dropped.


Table created.


Table created.


Table created.


Table created.


Table created.


Table created.


Table created.


1 row created.


1 row created.


1 row created.


1 row created.


1 row created.


1 row created.


1 row created.


1 row created.


1 row created.


1 row created.


1 row created.


1 row created.


1 row created.


1 row created.


1 row created.


1 row created.


1 row created.


1 row created.


1 row created.


1 row created.


1 row created.


1 row created.


1 row created.


1 row created.


1 row created.


1 row created.


1 row created.


1 row created.


1 row created.


1 row created.


1 row created.


1 row created.


1 row created.


1 row created.


1 row created.


1 row created.


1 row created.


1 row created.


1 row created.


1 row created.


1 row created.


1 row created.


1 row created.


1 row created.


1 row created.


1 row created.


 MANAGERID FIRSTNAME            LASTNAME             PHONE                      
---------- -------------------- -------------------- ----------                 
         1 Andrew               Nguyen               4081211311                 
         2 Kelly                Ouye                 8456209988                 
         3 Jonathan             Chao                 1802249077                 
         4 Vanessa              Au                   6053219876                 
         5 Megan                Huang                4084587043                 


  BRANCHNO  MANAGERID BRANCHPHON  STREETNUM BRANCHSTREET                        
---------- ---------- ---------- ---------- --------------------                
BRANCHCITY            BRANCHZIP                                                 
-------------------- ----------                                                 
         1          1 4088386939       1234 Piedmont Rd.                        
San Jose                  95132                                                 
                                                                                
         2          3 4088028089        780 Hostettor Rd.                       
San Jose                  95132                                                 
                                                                                
         3          5 4089338813        730 Harrison                            
Santa Clara               95053                                                 
                                                                                

  BRANCHNO  MANAGERID BRANCHPHON  STREETNUM BRANCHSTREET                        
---------- ---------- ---------- ---------- --------------------                
BRANCHCITY            BRANCHZIP                                                 
-------------------- ----------                                                 
         4          2 6692274563        124 Fremont                             
Santa Clara               95053                                                 
                                                                                
         5          4 5106892804        550 Market                              
San Francisco             95122                                                 
                                                                                


SUPERVISORID  MANAGERID FIRSTNAME            LASTNAME             SUPERVISOR    
------------ ---------- -------------------- -------------------- ----------    
           6          1 Brandon              Thai                 6693356822    
           7          3 Dante                Noffal               6029103925    
           8          5 Iris                 Feng                 6691267834    
           9          2 Rainey               Chak                 4085880022    
          10          4 Huy                  Dinh                 4084104100    
          11          4 Erik                 Nguyen               4084212312    
          12          3 Erik                 Nguyen               4084212312    

7 rows selected.


     EMPID   BRANCHID FIRSTNAME            LASTNAME             EMPPHONE        
---------- ---------- -------------------- -------------------- ----------      
EMPJOB                                                                          
----------                                                                      
         1          1 Andrew               Nguyen               4081211311      
manager                                                                         
                                                                                
         2          2 Kelly                Ouye                 8456209988      
manager                                                                         
                                                                                
         3          3 Jonathan             Chao                 1802249077      
manager                                                                         
                                                                                

     EMPID   BRANCHID FIRSTNAME            LASTNAME             EMPPHONE        
---------- ---------- -------------------- -------------------- ----------      
EMPJOB                                                                          
----------                                                                      
         4          4 Vanessa              Au                   6053219876      
manager                                                                         
                                                                                
         5          5 Megan                Huang                4084587043      
manager                                                                         
                                                                                
         6          1 Brandon              Thai                 6693356822      
supervisor                                                                      
                                                                                

     EMPID   BRANCHID FIRSTNAME            LASTNAME             EMPPHONE        
---------- ---------- -------------------- -------------------- ----------      
EMPJOB                                                                          
----------                                                                      
         7          3 Dante                Noffal               6029103925      
supervisor                                                                      
                                                                                
         8          5 Iris                 Feng                 6691267834      
supervisor                                                                      
                                                                                
         9          2 Rainey               Chak                 4085880022      
supervisor                                                                      
                                                                                

     EMPID   BRANCHID FIRSTNAME            LASTNAME             EMPPHONE        
---------- ---------- -------------------- -------------------- ----------      
EMPJOB                                                                          
----------                                                                      
        10          4 Huy                  Dinh                 4084104100      
supervisor                                                                      
                                                                                

10 rows selected.


   OWNERID FIRSTNAME            LASTNAME               STREETNO                 
---------- -------------------- -------------------- ----------                 
OWNERSTREET          OWNERCITY              OWNERZIP OWNERPHONE                 
-------------------- -------------------- ---------- ----------                 
         1 Annie                Xu                          900                 
Berryessa Rd.        San Jose                  95132 4082924465                 
                                                                                
         2 Kerry                Xu                          901                 
Berryessa Rd.        San Jose                  95132 4085922456                 
                                                                                
         3 Joshua               Chao                        430                 
Bento                Fremont                   95221 5105102222                 
                                                                                

   OWNERID FIRSTNAME            LASTNAME               STREETNO                 
---------- -------------------- -------------------- ----------                 
OWNERSTREET          OWNERCITY              OWNERZIP OWNERPHONE                 
-------------------- -------------------- ---------- ----------                 
         4 Kevin                Shi                        1203                 
Alameda              Santa Clara               95053 1493385432                 
                                                                                
         5 William              Hao                        2902                 
Hive                 Cupertino                 95033 4082444465                 
                                                                                


PROPERTYNO    OWNERID SUPERVISORID   STREETNO STREETNAME                        
---------- ---------- ------------ ---------- --------------------              
CITY                 PROPERTYZIP   NUMROOMS MONTHLYRENT STATUS                  
-------------------- ----------- ---------- ----------- --------------------    
DATEAVAIL                                                                       
---------                                                                       
         1          3            6        405 El Camino                         
Santa Clara                95053          4         100 available               
11-NOV-17                                                                       
                                                                                
         2          5            8        555 Jump St                           
Wallstreet                 95430          1        1000 available               
11-OCT-18                                                                       

PROPERTYNO    OWNERID SUPERVISORID   STREETNO STREETNAME                        
---------- ---------- ------------ ---------- --------------------              
CITY                 PROPERTYZIP   NUMROOMS MONTHLYRENT STATUS                  
-------------------- ----------- ---------- ----------- --------------------    
DATEAVAIL                                                                       
---------                                                                       
                                                                                
         3          2            7       1435 Downey                            
San Jose                   95014          4         420 leased                  
11-SEP-19                                                                       
                                                                                
         4          1           10       2291 Washington Ave                    
SanTa Clara                95243          2         250 available               

PROPERTYNO    OWNERID SUPERVISORID   STREETNO STREETNAME                        
---------- ---------- ------------ ---------- --------------------              
CITY                 PROPERTYZIP   NUMROOMS MONTHLYRENT STATUS                  
-------------------- ----------- ---------- ----------- --------------------    
DATEAVAIL                                                                       
---------                                                                       
11-MAY-16                                                                       
                                                                                
         5          1            9       2544 Washington Ave                    
Santa Clara                95243          2         250 available               
11-MAY-17                                                                       
                                                                                
         6          1           11        333 Washington Ave                    

PROPERTYNO    OWNERID SUPERVISORID   STREETNO STREETNAME                        
---------- ---------- ------------ ---------- --------------------              
CITY                 PROPERTYZIP   NUMROOMS MONTHLYRENT STATUS                  
-------------------- ----------- ---------- ----------- --------------------    
DATEAVAIL                                                                       
---------                                                                       
Santa Clara                95243          2         300 available               
11-MAY-17                                                                       
                                                                                
         7          1            7        331 Washington Ave                    
Santa Clara                95243          2         300 available               
11-MAY-17                                                                       
                                                                                

7 rows selected.


   LEASEID PROPERTYNO FIRSTNAME            LASTNAME             STARTDATE       
---------- ---------- -------------------- -------------------- ---------       
ENDDATE   HOMEPHONE  WORKPHONE  RENTAMOUNT    DEPOSIT                           
--------- ---------- ---------- ---------- ----------                           
       100          1 Katrina              Li                   11-NOV-17       
11-OCT-18 4449991111 1029375039        100         50                           
                                                                                
       101          2 William              Villamayor           11-OCT-18       
11-SEP-19 1827539385 1111222233       1000        500                           
                                                                                
       102          3 Arshi                Jujara               11-SEP-19       
11-JUL-20 0285736491 1204596739        420        100                           
                                                                                

   LEASEID PROPERTYNO FIRSTNAME            LASTNAME             STARTDATE       
---------- ---------- -------------------- -------------------- ---------       
ENDDATE   HOMEPHONE  WORKPHONE  RENTAMOUNT    DEPOSIT                           
--------- ---------- ---------- ---------- ----------                           
       103          4 Horatio              Xiao                 11-MAY-16       
11-MAR-17 1029572049 4938233333        250        100                           
                                                                                
       104          5 Bryan                Hsu                  11-MAY-17       
11-JAN-18 1029384756 1567923455        250         50                           
                                                                                
       105          6 Bryan                Hsu                  11-MAY-18       
11-JAN-19 1029384756 1567923455        250         50                           
                                                                                

   LEASEID PROPERTYNO FIRSTNAME            LASTNAME             STARTDATE       
---------- ---------- -------------------- -------------------- ---------       
ENDDATE   HOMEPHONE  WORKPHONE  RENTAMOUNT    DEPOSIT                           
--------- ---------- ---------- ---------- ----------                           
       106          6 Erik                 Nguyen               11-SEP-17       
11-JUL-18 1029384756 1567923455        250         50                           
                                                                                

7 rows selected.


Trigger created.

No errors.

Trigger created.

No errors.

Function created.

No errors.

QUERY_1(2)                                                                      
--------------------                                                            
CURSOR STATEMENT : 1                                                            

CURSOR STATEMENT : 1

ADDRESS                                                                         
--------------------------------------------------------------------------------
FULLNAME                                                                        
-----------------------------------------                                       
1435 Downey San Jose 95014                                                      
Jonathan Chao                                                                   
                                                                                
331 Washington Ave Santa Clara 95243                                            
Jonathan Chao                                                                   
                                                                                



Function created.

No errors.

QUERY_2                                                                         
--------------------                                                            
CURSOR STATEMENT : 1                                                            

CURSOR STATEMENT : 1

FULLNAME                                                                        
-----------------------------------------                                       
ADDRESS                                                                         
--------------------------------------------------------------------------------
Brandon Thai                                                                    
405 El Camino Santa Clara 95053                                                 
                                                                                
Iris Feng                                                                       
555 Jump St Wallstreet 95430                                                    
                                                                                
Dante Noffal                                                                    
1435 Downey San Jose 95014                                                      
                                                                                

FULLNAME                                                                        
-----------------------------------------                                       
ADDRESS                                                                         
--------------------------------------------------------------------------------
Huy Dinh                                                                        
2291 Washington Ave SanTa Clara 95243                                           
                                                                                
Rainey Chak                                                                     
2544 Washington Ave Santa Clara 95243                                           
                                                                                
Erik Nguyen                                                                     
333 Washington Ave Santa Clara 95243                                            
                                                                                

FULLNAME                                                                        
-----------------------------------------                                       
ADDRESS                                                                         
--------------------------------------------------------------------------------
Dante Noffal                                                                    
331 Washington Ave Santa Clara 95243                                            
                                                                                

7 rows selected.



Function created.

No errors.

QUERY_3('ANNIE','XU',5)                                                         
--------------------------------------------------------------------------------
Annie Xu owns the following Property Numbers:                                   
4, 6                                                                            
                                                                                


Function created.

No errors.

QUERY_4('SANTACLARA'                                                            
--------------------                                                            
CURSOR STATEMENT : 1                                                            

CURSOR STATEMENT : 1

ADDRESS                                                                         
--------------------------------------------------------------------------------
  NUMROOMS MONTHLYRENT                                                          
---------- -----------                                                          
2544 Washington Ave Santa Clara 95243                                           
         2         250                                                          
                                                                                
333 Washington Ave Santa Clara 95243                                            
         2         300                                                          
                                                                                
331 Washington Ave Santa Clara 95243                                            
         2         300                                                          
                                                                                



Function created.

No errors.

QUERY_5                                                                         
--------------------------------------------------------------------------------
BranchNo1: 1 |                                                                  
BranchNo2: 1 |                                                                  
BranchNo3: 1 |                                                                  
BranchNo4: 1 |                                                                  
BranchNo5: 2 |                                                                  
                                                                                

create sequence nextLeaseId
                *
ERROR at line 1:
ORA-00955: name is already used by an existing object 



Procedure created.

No errors.

PL/SQL procedure successfully completed.


   LEASEID PROPERTYNO FIRSTNAME            LASTNAME             STARTDATE       
---------- ---------- -------------------- -------------------- ---------       
ENDDATE   HOMEPHONE  WORKPHONE  RENTAMOUNT    DEPOSIT                           
--------- ---------- ---------- ---------- ----------                           
       100          1 Katrina              Li                   11-NOV-17       
11-OCT-18 4449991111 1029375039        100         50                           
                                                                                
       101          2 William              Villamayor           11-OCT-18       
11-SEP-19 1827539385 1111222233       1000        500                           
                                                                                
       102          3 Arshi                Jujara               11-SEP-19       
11-JUL-20 0285736491 1204596739        420        100                           
                                                                                

   LEASEID PROPERTYNO FIRSTNAME            LASTNAME             STARTDATE       
---------- ---------- -------------------- -------------------- ---------       
ENDDATE   HOMEPHONE  WORKPHONE  RENTAMOUNT    DEPOSIT                           
--------- ---------- ---------- ---------- ----------                           
       103          4 Horatio              Xiao                 11-MAY-16       
11-MAR-17 1029572049 4938233333        250        100                           
                                                                                
       104          5 Bryan                Hsu                  11-MAY-17       
11-JAN-18 1029384756 1567923455        250         50                           
                                                                                
       105          6 Bryan                Hsu                  11-MAY-18       
11-JAN-19 1029384756 1567923455        250         50                           
                                                                                

   LEASEID PROPERTYNO FIRSTNAME            LASTNAME             STARTDATE       
---------- ---------- -------------------- -------------------- ---------       
ENDDATE   HOMEPHONE  WORKPHONE  RENTAMOUNT    DEPOSIT                           
--------- ---------- ---------- ---------- ----------                           
       106          6 Erik                 Nguyen               11-SEP-17       
11-JUL-18 1029384756 1567923455        250         50                           
                                                                                
       161          4 Lydia                V                    18-JAN-03       
18-SEP-03 5109991111 4321231234        250        210                           
                                                                                

8 rows selected.


Function created.

No errors.

QUERY_7('L','V')                                                                
--------------------                                                            
CURSOR STATEMENT : 1                                                            

CURSOR STATEMENT : 1

no rows selected



Function created.

No errors.

QUERY_8                                                                         
--------------------                                                            
CURSOR STATEMENT : 1                                                            

CURSOR STATEMENT : 1

FULLNAME                                                                        
-----------------------------------------                                       
Bryan Hsu                                                                       



Function created.

No errors.

QUERY_9('SANTACLARA'                                                            
--------------------                                                            
CURSOR STATEMENT : 1                                                            

CURSOR STATEMENT : 1

AVG(MONTHLYRENT) CITY                                                           
---------------- --------------------                                           
           237.5 Santa Clara                                                    



Function created.

No errors.

QUERY_10                                                                        
--------------------                                                            
CURSOR STATEMENT : 1                                                            

CURSOR STATEMENT : 1

FULLNAME                                                                        
-----------------------------------------                                       
ADDRESS                                                                         
--------------------------------------------------------------------------------
ENDDATE                                                                         
---------                                                                       
Horatio Xiao                                                                    
2291 Washington Ave SanTa Clara 95243                                           
11-MAR-17                                                                       
                                                                                
Lydia V                                                                         
2291 Washington Ave SanTa Clara 95243                                           
18-SEP-03                                                                       

FULLNAME                                                                        
-----------------------------------------                                       
ADDRESS                                                                         
--------------------------------------------------------------------------------
ENDDATE                                                                         
---------                                                                       
                                                                                


